C51 COMPILER V9.51   UTILS                                                                 10/17/2016 10:45:11 PAGE 1   


C51 COMPILER V9.51, COMPILATION OF MODULE UTILS
OBJECT MODULE PLACED IN .\DP8051_Keil_951\Release\utils.obj
COMPILER INVOKED BY: C:\Program Files (x86)\Cypress\PSoC Creator\3.3\PSoC Creator\import\keil\pk51\9.51\C51\BIN\c51.exe 
                    -.\utils.c NOIV LARGE MODDP2 OMF2 VB(1) NOIP INCDIR(.,Generated_Source\PSoC3) FF(3) DB DF(NDEBUG) WL(2) PR(.\DP8051_Keil_
                    -951\Release/utils.lst) CD OT(8,SPEED) OJ(.\DP8051_Keil_951\Release\utils.obj)

line level    source

*** MESSAGE C286 IN LINE 0 OF (null): license limits optimization to level 5
   1          // -----------------------------------------------------------------------------
   2          // Copyright (C)  qbrobotics. All rights reserved.
   3          // www.qbrobotics.com
   4          // -----------------------------------------------------------------------------
   5          
   6          /**
   7          * \file         utils.c
   8          *
   9          * \brief        Definition of utility functions.
  10          * \date         June 06, 2016
  11          * \author       _qbrobotics_
  12          * \copyright    (C)  qbrobotics. All rights reserved.
  13          */
  14          
  15          #include <utils.h>
  16          #include <math.h>
  17          
  18          //==============================================================================
  19          //                                                            Current Estimation
  20          //==============================================================================
  21          
  22          int32 curr_estim (int32 pos, int32 vel, int32 acc) {
  23   1          return (abs(g_mem.curr_lookup[0]*pos +
  24   1                      g_mem.curr_lookup[1]*pow(pos,2) + 
  25   1                      g_mem.curr_lookup[2]*pow(pos,3) + 
  26   1                      g_mem.curr_lookup[3]*vel + 
  27   1                      g_mem.curr_lookup[4]*pow(vel,2) + 
  28   1                      g_mem.curr_lookup[5]*acc));
  29   1      }
  30          
  31          //==============================================================================
  32          //                                                   Voltage and current filters
  33          //==============================================================================
  34          
  35          int32 filter_v(int32 new_value) {
  36   1      
  37   1          static int32 old_value, aux;
  38   1      
  39   1          aux = (old_value * (1024 - ALPHA) + (new_value << 6) * (ALPHA)) >> 10;
  40   1      
  41   1          old_value = aux;
  42   1      
  43   1          return (aux >> 6);
  44   1      }
  45          
  46          int32 filter_i1(int32 new_value) {
  47   1      
  48   1          static int32 old_value, aux;
  49   1      
  50   1          aux = (old_value * (1024 - ALPHA) + (new_value << 6) * (ALPHA)) >> 10;
  51   1      
  52   1          old_value = aux;
C51 COMPILER V9.51   UTILS                                                                 10/17/2016 10:45:11 PAGE 2   

  53   1      
  54   1          return (aux >> 6);
  55   1      }
  56          
  57          //==============================================================================
  58          //                                                              First Emg Filter
  59          //==============================================================================
  60          
  61          int32 filter_ch1(int32 new_value) {
  62   1      
  63   1          static int32 old_value, aux;
  64   1      
  65   1          aux = (old_value * (1024 - BETA) + new_value * (BETA)) / 1024;
  66   1      
  67   1          old_value = aux;
  68   1      
  69   1          return aux;
  70   1      }
  71          
  72          //==============================================================================
  73          //                                                              Velocity filters
  74          //==============================================================================
  75          
  76          int32 filter_vel_1(int32 new_value) {
  77   1      
  78   1          static int32 old_out, aux;
  79   1      
  80   1          aux = (old_out * (1024 - GAMMA) + new_value * (GAMMA)) / 1024;
  81   1      
  82   1          old_out = aux;
  83   1      
  84   1          return aux;
  85   1      }
  86          
  87          int32 filter_vel_2(int32 new_value) {
  88   1      
  89   1          static int32 old_out, aux;
  90   1      
  91   1          aux = (old_out * (1024 - GAMMA) + new_value * (GAMMA)) / 1024;
  92   1      
  93   1          old_out = aux;
  94   1      
  95   1          return aux;
  96   1      }
  97          
  98          int32 filter_vel_3(int32 new_value) {
  99   1      
 100   1          static int32 old_out, aux;
 101   1      
 102   1          aux = (old_out * (1024 - GAMMA) + new_value * (GAMMA)) / 1024;
 103   1      
 104   1          old_out = aux;
 105   1      
 106   1          return aux;
 107   1      }
 108          
 109          //==============================================================================
 110          //                                                     Current difference filter
 111          //==============================================================================
 112          
 113          int32 filter_curr_diff(int32 curr_diff) {
 114   1      
C51 COMPILER V9.51   UTILS                                                                 10/17/2016 10:45:11 PAGE 3   

 115   1          static int32 old_out, aux, old_input;
 116   1      
 117   1          aux = (old_out * (1024 - 2) + (curr_diff + old_input) * (0.8)) / 1024;
 118   1      
 119   1          old_out = aux;
 120   1          old_input = curr_diff;
 121   1      
 122   1          return aux;
 123   1      }
 124          
 125          //==============================================================================
 126          //                                                             Second Emg Filter
 127          //==============================================================================
 128          
 129          int32 filter_ch2(int32 new_value) {
 130   1      
 131   1          static int32 old_value, aux;
 132   1      
 133   1          aux = (old_value * (1024 - BETA) + new_value * (BETA)) / 1024;
 134   1      
 135   1          old_value = aux;
 136   1      
 137   1          return aux;
 138   1      }
 139          
 140          //==============================================================================
 141          //                                                          Acceleration filters
 142          //==============================================================================
 143          
 144          int32 filter_acc_1(int32 new_value) {
 145   1      
 146   1          static int32 old_out, aux;
 147   1      
 148   1          aux = (old_out * (1024 - DELTA) + new_value * (DELTA)) / 1024;
 149   1      
 150   1          old_out = aux;
 151   1      
 152   1          return aux;
 153   1      }
 154          
 155          int32 filter_acc_2(int32 new_value) {
 156   1      
 157   1          static int32 old_out, aux;
 158   1      
 159   1          aux = (old_out * (1024 - DELTA) + new_value * (DELTA)) / 1024;
 160   1      
 161   1          old_out = aux;
 162   1      
 163   1          return aux;
 164   1      }
 165          
 166          int32 filter_acc_3(int32 new_value) {
 167   1      
 168   1          static int32 old_out, aux;
 169   1      
 170   1          aux = (old_out * (1024 - DELTA) + new_value * (DELTA)) / 1024;
 171   1      
 172   1          old_out = aux;
 173   1      
 174   1          return aux;
 175   1      }
 176          
C51 COMPILER V9.51   UTILS                                                                 10/17/2016 10:45:11 PAGE 4   

 177          //==============================================================================
 178          //                                                                CHECK ENC DATA
 179          //==============================================================================
 180          
 181          // Returns 1 if the encoder data is correct, 0 otherwise
 182          
 183          CYBIT check_enc_data(const uint32 *value) {
 184   1      
 185   1          const uint8* CYIDATA p = (const uint8*)value;
 186   1          uint8 CYDATA a = *p;
 187   1      
 188   1          a = a ^ *(++p);
 189   1          a = a ^ *(++p);
 190   1          a = a ^ *(++p);
 191   1          a = (a & 0x0F) ^ (a>>4);
 192   1      
 193   1          return (0x9669 >> a) & 0x01;
 194   1          //0x9669 is a bit vector representing the !(bitwise XOR) of 4bits
 195   1      }
 196          
 197          //==============================================================================
 198          //                                                                ROUND_FUNCTION
 199          //==============================================================================
 200          
 201          int my_round(const double x) {
 202   1      
 203   1          if (x < 0.0)
 204   1              return (int)(x - 0.5);
 205   1          else
 206   1              return (int)(x + 0.5);
 207   1      }
 208          
 209          //==============================================================================
 210          //                                                                        MODULE
 211          //==============================================================================
 212          
 213          uint32 my_mod(int32 val, int32 divisor) {
 214   1      
 215   1          if (val >= 0) {
 216   2              return (int32)(val % divisor);
 217   2          } else {
 218   2              return (int32)(divisor - (-val % divisor));
 219   2          }
 220   1      }
 221          
 222          
 223          //==============================================================================
 224          //                                                                     CALIBRATE
 225          //==============================================================================
 226          
 227          void calibration(void) {
 228   1          static uint8 direction;                 //0 closing, 1 opening
 229   1          static uint16 closure_counter;          //Range [0 - 2^16]
 230   1      
 231   1      
 232   1          // closing
 233   1          if (direction == 0) {
 234   2              g_ref.pos[0] += (calib.speed << g_mem.res[0]);
 235   2              if ((g_ref.pos[0]) > g_mem.pos_lim_sup[0]) {
 236   3                  direction = 1;
 237   3              }
 238   2          } else { //opening
C51 COMPILER V9.51   UTILS                                                                 10/17/2016 10:45:11 PAGE 5   

 239   2              g_ref.pos[0] -= (calib.speed << g_mem.res[0]);
 240   2              if (SIGN(g_ref.pos[0]) != 1) {
 241   3                  direction = 0;
 242   3                  closure_counter++;
 243   3                  if (closure_counter == calib.repetitions) {
 244   4                      closure_counter = 0;
 245   4                      calib.enabled = FALSE;
 246   4                  }
 247   3              }
 248   2          }
 249   1      }
 250          
 251          
 252          //==============================================================================
 253          //                                                      DOUBLE ENCODER CALC TURN
 254          //==============================================================================
 255          
 256          // Use this matlab function to calculate I1 and I2
 257          //
 258          // function [inv_a, inv_b] = mod_mul_inv(a, b)
 259          //     a = int32(a);
 260          //     b = int32(b);
 261          //     if b == 0
 262          //         inv_a = 1;
 263          //         inv_b = 0;
 264          //         return
 265          //     else
 266          //         q = idivide(a,b,'floor');
 267          //         r = mod(a,b);
 268          //         [s, t] = mod_mul_inv(b, r);
 269          //     end
 270          //     inv_a = t;
 271          //     inv_b = s - q * t;
 272          // return
 273          
 274          // Number of teeth of the two wheels
 275          #define N1 28           ///< Teeth of the first encoder wheel
 276          #define N2 27           ///< Teeth of the second encoder wheel
 277          
 278          #define I1 1            ///< First wheel invariant value
 279          #define I2 (-1)         ///< Second wheel invariant value
 280          
 281          // Number of ticks per turn
 282          #define M 65536          ///< Number of encoder ticks per turn
 283          
 284          
 285          int calc_turns_fcn(const int32 pos1, const int32 pos2) {
 286   1          
 287   1          int32 x = (my_mod( - N2*pos2 - N1*pos1, M*N2) + M/2) / M;
 288   1      
 289   1          int32 aux = my_mod(x*I1, N2);
 290   1          
 291   1          return (my_mod(aux + N2/2, N2) - N2/2);
 292   1      }
 293          
 294          /* [] END OF FILE */
C51 COMPILER V9.51   UTILS                                                                 10/17/2016 10:45:11 PAGE 6   

ASSEMBLY LISTING OF GENERATED OBJECT CODE


             ; FUNCTION _curr_estim (BEGIN)
                                           ; SOURCE LINE # 22
0000 900000      R     MOV     DPTR,#pos
0003 120000      E     LCALL   ?C?LSTXDATA
                                           ; SOURCE LINE # 23
0006 900000      R     MOV     DPTR,#pos
0009 E0                MOVX    A,@DPTR
000A FC                MOV     R4,A
000B A3                INC     DPTR
000C E0                MOVX    A,@DPTR
000D FD                MOV     R5,A
000E A3                INC     DPTR
000F E0                MOVX    A,@DPTR
0010 FE                MOV     R6,A
0011 A3                INC     DPTR
0012 E0                MOVX    A,@DPTR
0013 FF                MOV     R7,A
0014 EC                MOV     A,R4
0015 120000      E     LCALL   ?C?FCASTL
0018 C004              PUSH    AR4
001A C005              PUSH    AR5
001C C006              PUSH    AR6
001E C007              PUSH    AR7
0020 E4                CLR     A
0021 FF                MOV     R7,A
0022 FE                MOV     R6,A
0023 FD                MOV     R5,A
0024 7C40              MOV     R4,#040H
0026 900000      E     MOV     DPTR,#?_pow?BYTE+04H
0029 120000      E     LCALL   ?C?LSTXDATA
002C D007              POP     AR7
002E D006              POP     AR6
0030 D005              POP     AR5
0032 D004              POP     AR4
0034 120000      E     LCALL   _pow
0037 900000      E     MOV     DPTR,#g_mem+080H
003A E0                MOVX    A,@DPTR
003B F8                MOV     R0,A
003C A3                INC     DPTR
003D E0                MOVX    A,@DPTR
003E F9                MOV     R1,A
003F A3                INC     DPTR
0040 E0                MOVX    A,@DPTR
0041 FA                MOV     R2,A
0042 A3                INC     DPTR
0043 E0                MOVX    A,@DPTR
0044 FB                MOV     R3,A
0045 120000      E     LCALL   ?C?FPMUL
0048 C004              PUSH    AR4
004A C005              PUSH    AR5
004C C006              PUSH    AR6
004E C007              PUSH    AR7
0050 900000      R     MOV     DPTR,#pos
0053 E0                MOVX    A,@DPTR
0054 FC                MOV     R4,A
0055 A3                INC     DPTR
0056 E0                MOVX    A,@DPTR
0057 FD                MOV     R5,A
0058 A3                INC     DPTR
C51 COMPILER V9.51   UTILS                                                                 10/17/2016 10:45:11 PAGE 7   

0059 E0                MOVX    A,@DPTR
005A FE                MOV     R6,A
005B A3                INC     DPTR
005C E0                MOVX    A,@DPTR
005D FF                MOV     R7,A
005E EC                MOV     A,R4
005F 120000      E     LCALL   ?C?FCASTL
0062 900000      E     MOV     DPTR,#g_mem+07CH
0065 E0                MOVX    A,@DPTR
0066 F8                MOV     R0,A
0067 A3                INC     DPTR
0068 E0                MOVX    A,@DPTR
0069 F9                MOV     R1,A
006A A3                INC     DPTR
006B E0                MOVX    A,@DPTR
006C FA                MOV     R2,A
006D A3                INC     DPTR
006E E0                MOVX    A,@DPTR
006F FB                MOV     R3,A
0070 120000      E     LCALL   ?C?FPMUL
0073 D003              POP     AR3
0075 D002              POP     AR2
0077 D001              POP     AR1
0079 D000              POP     AR0
007B 120000      E     LCALL   ?C?FPADD
007E C004              PUSH    AR4
0080 C005              PUSH    AR5
0082 C006              PUSH    AR6
0084 C007              PUSH    AR7
0086 900000      R     MOV     DPTR,#pos
0089 E0                MOVX    A,@DPTR
008A FC                MOV     R4,A
008B A3                INC     DPTR
008C E0                MOVX    A,@DPTR
008D FD                MOV     R5,A
008E A3                INC     DPTR
008F E0                MOVX    A,@DPTR
0090 FE                MOV     R6,A
0091 A3                INC     DPTR
0092 E0                MOVX    A,@DPTR
0093 FF                MOV     R7,A
0094 EC                MOV     A,R4
0095 120000      E     LCALL   ?C?FCASTL
0098 C004              PUSH    AR4
009A C005              PUSH    AR5
009C C006              PUSH    AR6
009E C007              PUSH    AR7
00A0 E4                CLR     A
00A1 FF                MOV     R7,A
00A2 FE                MOV     R6,A
00A3 7D40              MOV     R5,#040H
00A5 7C40              MOV     R4,#040H
00A7 900000      E     MOV     DPTR,#?_pow?BYTE+04H
00AA 120000      E     LCALL   ?C?LSTXDATA
00AD D007              POP     AR7
00AF D006              POP     AR6
00B1 D005              POP     AR5
00B3 D004              POP     AR4
00B5 120000      E     LCALL   _pow
00B8 900000      E     MOV     DPTR,#g_mem+084H
00BB E0                MOVX    A,@DPTR
00BC F8                MOV     R0,A
C51 COMPILER V9.51   UTILS                                                                 10/17/2016 10:45:11 PAGE 8   

00BD A3                INC     DPTR
00BE E0                MOVX    A,@DPTR
00BF F9                MOV     R1,A
00C0 A3                INC     DPTR
00C1 E0                MOVX    A,@DPTR
00C2 FA                MOV     R2,A
00C3 A3                INC     DPTR
00C4 E0                MOVX    A,@DPTR
00C5 FB                MOV     R3,A
00C6 120000      E     LCALL   ?C?FPMUL
00C9 D003              POP     AR3
00CB D002              POP     AR2
00CD D001              POP     AR1
00CF D000              POP     AR0
00D1 120000      E     LCALL   ?C?FPADD
00D4 C004              PUSH    AR4
00D6 C005              PUSH    AR5
00D8 C006              PUSH    AR6
00DA C007              PUSH    AR7
00DC 900000      R     MOV     DPTR,#vel
00DF E0                MOVX    A,@DPTR
00E0 FC                MOV     R4,A
00E1 A3                INC     DPTR
00E2 E0                MOVX    A,@DPTR
00E3 FD                MOV     R5,A
00E4 A3                INC     DPTR
00E5 E0                MOVX    A,@DPTR
00E6 FE                MOV     R6,A
00E7 A3                INC     DPTR
00E8 E0                MOVX    A,@DPTR
00E9 FF                MOV     R7,A
00EA EC                MOV     A,R4
00EB 120000      E     LCALL   ?C?FCASTL
00EE 900000      E     MOV     DPTR,#g_mem+088H
00F1 E0                MOVX    A,@DPTR
00F2 F8                MOV     R0,A
00F3 A3                INC     DPTR
00F4 E0                MOVX    A,@DPTR
00F5 F9                MOV     R1,A
00F6 A3                INC     DPTR
00F7 E0                MOVX    A,@DPTR
00F8 FA                MOV     R2,A
00F9 A3                INC     DPTR
00FA E0                MOVX    A,@DPTR
00FB FB                MOV     R3,A
00FC 120000      E     LCALL   ?C?FPMUL
00FF D003              POP     AR3
0101 D002              POP     AR2
0103 D001              POP     AR1
0105 D000              POP     AR0
0107 120000      E     LCALL   ?C?FPADD
010A C004              PUSH    AR4
010C C005              PUSH    AR5
010E C006              PUSH    AR6
0110 C007              PUSH    AR7
0112 900000      R     MOV     DPTR,#vel
0115 E0                MOVX    A,@DPTR
0116 FC                MOV     R4,A
0117 A3                INC     DPTR
0118 E0                MOVX    A,@DPTR
0119 FD                MOV     R5,A
011A A3                INC     DPTR
C51 COMPILER V9.51   UTILS                                                                 10/17/2016 10:45:11 PAGE 9   

011B E0                MOVX    A,@DPTR
011C FE                MOV     R6,A
011D A3                INC     DPTR
011E E0                MOVX    A,@DPTR
011F FF                MOV     R7,A
0120 EC                MOV     A,R4
0121 120000      E     LCALL   ?C?FCASTL
0124 C004              PUSH    AR4
0126 C005              PUSH    AR5
0128 C006              PUSH    AR6
012A C007              PUSH    AR7
012C E4                CLR     A
012D FF                MOV     R7,A
012E FE                MOV     R6,A
012F FD                MOV     R5,A
0130 7C40              MOV     R4,#040H
0132 900000      E     MOV     DPTR,#?_pow?BYTE+04H
0135 120000      E     LCALL   ?C?LSTXDATA
0138 D007              POP     AR7
013A D006              POP     AR6
013C D005              POP     AR5
013E D004              POP     AR4
0140 120000      E     LCALL   _pow
0143 900000      E     MOV     DPTR,#g_mem+08CH
0146 E0                MOVX    A,@DPTR
0147 F8                MOV     R0,A
0148 A3                INC     DPTR
0149 E0                MOVX    A,@DPTR
014A F9                MOV     R1,A
014B A3                INC     DPTR
014C E0                MOVX    A,@DPTR
014D FA                MOV     R2,A
014E A3                INC     DPTR
014F E0                MOVX    A,@DPTR
0150 FB                MOV     R3,A
0151 120000      E     LCALL   ?C?FPMUL
0154 D003              POP     AR3
0156 D002              POP     AR2
0158 D001              POP     AR1
015A D000              POP     AR0
015C 120000      E     LCALL   ?C?FPADD
015F C004              PUSH    AR4
0161 C005              PUSH    AR5
0163 C006              PUSH    AR6
0165 C007              PUSH    AR7
0167 900000      R     MOV     DPTR,#acc
016A E0                MOVX    A,@DPTR
016B FC                MOV     R4,A
016C A3                INC     DPTR
016D E0                MOVX    A,@DPTR
016E FD                MOV     R5,A
016F A3                INC     DPTR
0170 E0                MOVX    A,@DPTR
0171 FE                MOV     R6,A
0172 A3                INC     DPTR
0173 E0                MOVX    A,@DPTR
0174 FF                MOV     R7,A
0175 EC                MOV     A,R4
0176 120000      E     LCALL   ?C?FCASTL
0179 900000      E     MOV     DPTR,#g_mem+090H
017C E0                MOVX    A,@DPTR
017D F8                MOV     R0,A
C51 COMPILER V9.51   UTILS                                                                 10/17/2016 10:45:11 PAGE 10  

017E A3                INC     DPTR
017F E0                MOVX    A,@DPTR
0180 F9                MOV     R1,A
0181 A3                INC     DPTR
0182 E0                MOVX    A,@DPTR
0183 FA                MOV     R2,A
0184 A3                INC     DPTR
0185 E0                MOVX    A,@DPTR
0186 FB                MOV     R3,A
0187 120000      E     LCALL   ?C?FPMUL
018A D003              POP     AR3
018C D002              POP     AR2
018E D001              POP     AR1
0190 D000              POP     AR0
0192 120000      E     LCALL   ?C?FPADD
0195 120000      E     LCALL   ?C?CASTF
0198 120000      E     LCALL   _abs
019B EE                MOV     A,R6
019C 33                RLC     A
019D 95E0              SUBB    A,ACC
019F FD                MOV     R5,A
01A0 FC                MOV     R4,A
                                           ; SOURCE LINE # 29
01A1         ?C0001:
01A1 22                RET     
             ; FUNCTION _curr_estim (END)

             ; FUNCTION _filter_v (BEGIN)
                                           ; SOURCE LINE # 35
;---- Variable 'new_value' assigned to Register 'R4/R5/R6/R7' ----
                                           ; SOURCE LINE # 39
0000 7806              MOV     R0,#06H
0002 120000      E     LCALL   ?C?LSHL
0005 E4                CLR     A
0006 7B20              MOV     R3,#020H
0008 FA                MOV     R2,A
0009 F9                MOV     R1,A
000A F8                MOV     R0,A
000B 120000      E     LCALL   ?C?LMUL
000E C004              PUSH    AR4
0010 C005              PUSH    AR5
0012 C006              PUSH    AR6
0014 C007              PUSH    AR7
0016 E4                CLR     A
0017 7FE0              MOV     R7,#0E0H
0019 7E03              MOV     R6,#03H
001B FD                MOV     R5,A
001C FC                MOV     R4,A
001D 900000      R     MOV     DPTR,#old_value
0020 E0                MOVX    A,@DPTR
0021 F8                MOV     R0,A
0022 A3                INC     DPTR
0023 E0                MOVX    A,@DPTR
0024 F9                MOV     R1,A
0025 A3                INC     DPTR
0026 E0                MOVX    A,@DPTR
0027 FA                MOV     R2,A
0028 A3                INC     DPTR
0029 E0                MOVX    A,@DPTR
002A FB                MOV     R3,A
002B 120000      E     LCALL   ?C?LMUL
002E D003              POP     AR3
C51 COMPILER V9.51   UTILS                                                                 10/17/2016 10:45:11 PAGE 11  

0030 D002              POP     AR2
0032 D001              POP     AR1
0034 D000              POP     AR0
0036 EF                MOV     A,R7
0037 2B                ADD     A,R3
0038 FF                MOV     R7,A
0039 EE                MOV     A,R6
003A 3A                ADDC    A,R2
003B FE                MOV     R6,A
003C ED                MOV     A,R5
003D 39                ADDC    A,R1
003E FD                MOV     R5,A
003F EC                MOV     A,R4
0040 38                ADDC    A,R0
0041 FC                MOV     R4,A
0042 780A              MOV     R0,#0AH
0044 120000      E     LCALL   ?C?SLSHR
0047 900000      R     MOV     DPTR,#aux
004A 120000      E     LCALL   ?C?LSTXDATA
                                           ; SOURCE LINE # 41
004D 900000      R     MOV     DPTR,#aux
0050 E0                MOVX    A,@DPTR
0051 FC                MOV     R4,A
0052 A3                INC     DPTR
0053 E0                MOVX    A,@DPTR
0054 FD                MOV     R5,A
0055 A3                INC     DPTR
0056 E0                MOVX    A,@DPTR
0057 FE                MOV     R6,A
0058 A3                INC     DPTR
0059 E0                MOVX    A,@DPTR
005A FF                MOV     R7,A
005B 900000      R     MOV     DPTR,#old_value
005E 120000      E     LCALL   ?C?LSTXDATA
                                           ; SOURCE LINE # 43
0061 900000      R     MOV     DPTR,#aux
0064 E0                MOVX    A,@DPTR
0065 FC                MOV     R4,A
0066 A3                INC     DPTR
0067 E0                MOVX    A,@DPTR
0068 FD                MOV     R5,A
0069 A3                INC     DPTR
006A E0                MOVX    A,@DPTR
006B FE                MOV     R6,A
006C A3                INC     DPTR
006D E0                MOVX    A,@DPTR
006E FF                MOV     R7,A
006F 7806              MOV     R0,#06H
0071 120000      E     LCALL   ?C?SLSHR
                                           ; SOURCE LINE # 44
0074         ?C0002:
0074 22                RET     
             ; FUNCTION _filter_v (END)

             ; FUNCTION _filter_i1 (BEGIN)
                                           ; SOURCE LINE # 46
;---- Variable 'new_value' assigned to Register 'R4/R5/R6/R7' ----
                                           ; SOURCE LINE # 50
0000 7806              MOV     R0,#06H
0002 120000      E     LCALL   ?C?LSHL
0005 E4                CLR     A
0006 7B20              MOV     R3,#020H
C51 COMPILER V9.51   UTILS                                                                 10/17/2016 10:45:11 PAGE 12  

0008 FA                MOV     R2,A
0009 F9                MOV     R1,A
000A F8                MOV     R0,A
000B 120000      E     LCALL   ?C?LMUL
000E C004              PUSH    AR4
0010 C005              PUSH    AR5
0012 C006              PUSH    AR6
0014 C007              PUSH    AR7
0016 E4                CLR     A
0017 7FE0              MOV     R7,#0E0H
0019 7E03              MOV     R6,#03H
001B FD                MOV     R5,A
001C FC                MOV     R4,A
001D 900000      R     MOV     DPTR,#old_value
0020 E0                MOVX    A,@DPTR
0021 F8                MOV     R0,A
0022 A3                INC     DPTR
0023 E0                MOVX    A,@DPTR
0024 F9                MOV     R1,A
0025 A3                INC     DPTR
0026 E0                MOVX    A,@DPTR
0027 FA                MOV     R2,A
0028 A3                INC     DPTR
0029 E0                MOVX    A,@DPTR
002A FB                MOV     R3,A
002B 120000      E     LCALL   ?C?LMUL
002E D003              POP     AR3
0030 D002              POP     AR2
0032 D001              POP     AR1
0034 D000              POP     AR0
0036 EF                MOV     A,R7
0037 2B                ADD     A,R3
0038 FF                MOV     R7,A
0039 EE                MOV     A,R6
003A 3A                ADDC    A,R2
003B FE                MOV     R6,A
003C ED                MOV     A,R5
003D 39                ADDC    A,R1
003E FD                MOV     R5,A
003F EC                MOV     A,R4
0040 38                ADDC    A,R0
0041 FC                MOV     R4,A
0042 780A              MOV     R0,#0AH
0044 120000      E     LCALL   ?C?SLSHR
0047 900000      R     MOV     DPTR,#aux
004A 120000      E     LCALL   ?C?LSTXDATA
                                           ; SOURCE LINE # 52
004D 900000      R     MOV     DPTR,#aux
0050 E0                MOVX    A,@DPTR
0051 FC                MOV     R4,A
0052 A3                INC     DPTR
0053 E0                MOVX    A,@DPTR
0054 FD                MOV     R5,A
0055 A3                INC     DPTR
0056 E0                MOVX    A,@DPTR
0057 FE                MOV     R6,A
0058 A3                INC     DPTR
0059 E0                MOVX    A,@DPTR
005A FF                MOV     R7,A
005B 900000      R     MOV     DPTR,#old_value
005E 120000      E     LCALL   ?C?LSTXDATA
                                           ; SOURCE LINE # 54
C51 COMPILER V9.51   UTILS                                                                 10/17/2016 10:45:11 PAGE 13  

0061 900000      R     MOV     DPTR,#aux
0064 E0                MOVX    A,@DPTR
0065 FC                MOV     R4,A
0066 A3                INC     DPTR
0067 E0                MOVX    A,@DPTR
0068 FD                MOV     R5,A
0069 A3                INC     DPTR
006A E0                MOVX    A,@DPTR
006B FE                MOV     R6,A
006C A3                INC     DPTR
006D E0                MOVX    A,@DPTR
006E FF                MOV     R7,A
006F 7806              MOV     R0,#06H
0071 120000      E     LCALL   ?C?SLSHR
                                           ; SOURCE LINE # 55
0074         ?C0003:
0074 22                RET     
             ; FUNCTION _filter_i1 (END)

             ; FUNCTION _filter_ch1 (BEGIN)
                                           ; SOURCE LINE # 61
0000 900000      R     MOV     DPTR,#new_value
0003 120000      E     LCALL   ?C?LSTXDATA
                                           ; SOURCE LINE # 65
0006 E4                CLR     A
0007 7F32              MOV     R7,#032H
0009 FE                MOV     R6,A
000A FD                MOV     R5,A
000B FC                MOV     R4,A
000C 900000      R     MOV     DPTR,#new_value
000F E0                MOVX    A,@DPTR
0010 F8                MOV     R0,A
0011 A3                INC     DPTR
0012 E0                MOVX    A,@DPTR
0013 F9                MOV     R1,A
0014 A3                INC     DPTR
0015 E0                MOVX    A,@DPTR
0016 FA                MOV     R2,A
0017 A3                INC     DPTR
0018 E0                MOVX    A,@DPTR
0019 FB                MOV     R3,A
001A 120000      E     LCALL   ?C?LMUL
001D C004              PUSH    AR4
001F C005              PUSH    AR5
0021 C006              PUSH    AR6
0023 C007              PUSH    AR7
0025 E4                CLR     A
0026 7FCE              MOV     R7,#0CEH
0028 7E03              MOV     R6,#03H
002A FD                MOV     R5,A
002B FC                MOV     R4,A
002C 900000      R     MOV     DPTR,#old_value
002F E0                MOVX    A,@DPTR
0030 F8                MOV     R0,A
0031 A3                INC     DPTR
0032 E0                MOVX    A,@DPTR
0033 F9                MOV     R1,A
0034 A3                INC     DPTR
0035 E0                MOVX    A,@DPTR
0036 FA                MOV     R2,A
0037 A3                INC     DPTR
0038 E0                MOVX    A,@DPTR
C51 COMPILER V9.51   UTILS                                                                 10/17/2016 10:45:11 PAGE 14  

0039 FB                MOV     R3,A
003A 120000      E     LCALL   ?C?LMUL
003D D003              POP     AR3
003F D002              POP     AR2
0041 D001              POP     AR1
0043 D000              POP     AR0
0045 EF                MOV     A,R7
0046 2B                ADD     A,R3
0047 FF                MOV     R7,A
0048 EE                MOV     A,R6
0049 3A                ADDC    A,R2
004A FE                MOV     R6,A
004B ED                MOV     A,R5
004C 39                ADDC    A,R1
004D FD                MOV     R5,A
004E EC                MOV     A,R4
004F 38                ADDC    A,R0
0050 FC                MOV     R4,A
0051 E4                CLR     A
0052 FB                MOV     R3,A
0053 7A04              MOV     R2,#04H
0055 F9                MOV     R1,A
0056 F8                MOV     R0,A
0057 120000      E     LCALL   ?C?SLDIV
005A 900000      R     MOV     DPTR,#aux
005D 120000      E     LCALL   ?C?LSTXDATA
                                           ; SOURCE LINE # 67
0060 900000      R     MOV     DPTR,#aux
0063 E0                MOVX    A,@DPTR
0064 FC                MOV     R4,A
0065 A3                INC     DPTR
0066 E0                MOVX    A,@DPTR
0067 FD                MOV     R5,A
0068 A3                INC     DPTR
0069 E0                MOVX    A,@DPTR
006A FE                MOV     R6,A
006B A3                INC     DPTR
006C E0                MOVX    A,@DPTR
006D FF                MOV     R7,A
006E 900000      R     MOV     DPTR,#old_value
0071 120000      E     LCALL   ?C?LSTXDATA
                                           ; SOURCE LINE # 69
0074 900000      R     MOV     DPTR,#aux
0077 E0                MOVX    A,@DPTR
0078 FC                MOV     R4,A
0079 A3                INC     DPTR
007A E0                MOVX    A,@DPTR
007B FD                MOV     R5,A
007C A3                INC     DPTR
007D E0                MOVX    A,@DPTR
007E FE                MOV     R6,A
007F A3                INC     DPTR
0080 E0                MOVX    A,@DPTR
0081 FF                MOV     R7,A
                                           ; SOURCE LINE # 70
0082         ?C0004:
0082 22                RET     
             ; FUNCTION _filter_ch1 (END)

             ; FUNCTION _filter_vel_1 (BEGIN)
                                           ; SOURCE LINE # 76
0000 900000      R     MOV     DPTR,#new_value
C51 COMPILER V9.51   UTILS                                                                 10/17/2016 10:45:11 PAGE 15  

0003 120000      E     LCALL   ?C?LSTXDATA
                                           ; SOURCE LINE # 80
0006 E4                CLR     A
0007 7F20              MOV     R7,#020H
0009 FE                MOV     R6,A
000A FD                MOV     R5,A
000B FC                MOV     R4,A
000C 900000      R     MOV     DPTR,#new_value
000F E0                MOVX    A,@DPTR
0010 F8                MOV     R0,A
0011 A3                INC     DPTR
0012 E0                MOVX    A,@DPTR
0013 F9                MOV     R1,A
0014 A3                INC     DPTR
0015 E0                MOVX    A,@DPTR
0016 FA                MOV     R2,A
0017 A3                INC     DPTR
0018 E0                MOVX    A,@DPTR
0019 FB                MOV     R3,A
001A 120000      E     LCALL   ?C?LMUL
001D C004              PUSH    AR4
001F C005              PUSH    AR5
0021 C006              PUSH    AR6
0023 C007              PUSH    AR7
0025 E4                CLR     A
0026 7FE0              MOV     R7,#0E0H
0028 7E03              MOV     R6,#03H
002A FD                MOV     R5,A
002B FC                MOV     R4,A
002C 900000      R     MOV     DPTR,#old_out
002F E0                MOVX    A,@DPTR
0030 F8                MOV     R0,A
0031 A3                INC     DPTR
0032 E0                MOVX    A,@DPTR
0033 F9                MOV     R1,A
0034 A3                INC     DPTR
0035 E0                MOVX    A,@DPTR
0036 FA                MOV     R2,A
0037 A3                INC     DPTR
0038 E0                MOVX    A,@DPTR
0039 FB                MOV     R3,A
003A 120000      E     LCALL   ?C?LMUL
003D D003              POP     AR3
003F D002              POP     AR2
0041 D001              POP     AR1
0043 D000              POP     AR0
0045 EF                MOV     A,R7
0046 2B                ADD     A,R3
0047 FF                MOV     R7,A
0048 EE                MOV     A,R6
0049 3A                ADDC    A,R2
004A FE                MOV     R6,A
004B ED                MOV     A,R5
004C 39                ADDC    A,R1
004D FD                MOV     R5,A
004E EC                MOV     A,R4
004F 38                ADDC    A,R0
0050 FC                MOV     R4,A
0051 E4                CLR     A
0052 FB                MOV     R3,A
0053 7A04              MOV     R2,#04H
0055 F9                MOV     R1,A
C51 COMPILER V9.51   UTILS                                                                 10/17/2016 10:45:11 PAGE 16  

0056 F8                MOV     R0,A
0057 120000      E     LCALL   ?C?SLDIV
005A 900000      R     MOV     DPTR,#aux
005D 120000      E     LCALL   ?C?LSTXDATA
                                           ; SOURCE LINE # 82
0060 900000      R     MOV     DPTR,#aux
0063 E0                MOVX    A,@DPTR
0064 FC                MOV     R4,A
0065 A3                INC     DPTR
0066 E0                MOVX    A,@DPTR
0067 FD                MOV     R5,A
0068 A3                INC     DPTR
0069 E0                MOVX    A,@DPTR
006A FE                MOV     R6,A
006B A3                INC     DPTR
006C E0                MOVX    A,@DPTR
006D FF                MOV     R7,A
006E 900000      R     MOV     DPTR,#old_out
0071 120000      E     LCALL   ?C?LSTXDATA
                                           ; SOURCE LINE # 84
0074 900000      R     MOV     DPTR,#aux
0077 E0                MOVX    A,@DPTR
0078 FC                MOV     R4,A
0079 A3                INC     DPTR
007A E0                MOVX    A,@DPTR
007B FD                MOV     R5,A
007C A3                INC     DPTR
007D E0                MOVX    A,@DPTR
007E FE                MOV     R6,A
007F A3                INC     DPTR
0080 E0                MOVX    A,@DPTR
0081 FF                MOV     R7,A
                                           ; SOURCE LINE # 85
0082         ?C0005:
0082 22                RET     
             ; FUNCTION _filter_vel_1 (END)

             ; FUNCTION _filter_vel_2 (BEGIN)
                                           ; SOURCE LINE # 87
0000 900000      R     MOV     DPTR,#new_value
0003 120000      E     LCALL   ?C?LSTXDATA
                                           ; SOURCE LINE # 91
0006 E4                CLR     A
0007 7F20              MOV     R7,#020H
0009 FE                MOV     R6,A
000A FD                MOV     R5,A
000B FC                MOV     R4,A
000C 900000      R     MOV     DPTR,#new_value
000F E0                MOVX    A,@DPTR
0010 F8                MOV     R0,A
0011 A3                INC     DPTR
0012 E0                MOVX    A,@DPTR
0013 F9                MOV     R1,A
0014 A3                INC     DPTR
0015 E0                MOVX    A,@DPTR
0016 FA                MOV     R2,A
0017 A3                INC     DPTR
0018 E0                MOVX    A,@DPTR
0019 FB                MOV     R3,A
001A 120000      E     LCALL   ?C?LMUL
001D C004              PUSH    AR4
001F C005              PUSH    AR5
C51 COMPILER V9.51   UTILS                                                                 10/17/2016 10:45:11 PAGE 17  

0021 C006              PUSH    AR6
0023 C007              PUSH    AR7
0025 E4                CLR     A
0026 7FE0              MOV     R7,#0E0H
0028 7E03              MOV     R6,#03H
002A FD                MOV     R5,A
002B FC                MOV     R4,A
002C 900000      R     MOV     DPTR,#old_out
002F E0                MOVX    A,@DPTR
0030 F8                MOV     R0,A
0031 A3                INC     DPTR
0032 E0                MOVX    A,@DPTR
0033 F9                MOV     R1,A
0034 A3                INC     DPTR
0035 E0                MOVX    A,@DPTR
0036 FA                MOV     R2,A
0037 A3                INC     DPTR
0038 E0                MOVX    A,@DPTR
0039 FB                MOV     R3,A
003A 120000      E     LCALL   ?C?LMUL
003D D003              POP     AR3
003F D002              POP     AR2
0041 D001              POP     AR1
0043 D000              POP     AR0
0045 EF                MOV     A,R7
0046 2B                ADD     A,R3
0047 FF                MOV     R7,A
0048 EE                MOV     A,R6
0049 3A                ADDC    A,R2
004A FE                MOV     R6,A
004B ED                MOV     A,R5
004C 39                ADDC    A,R1
004D FD                MOV     R5,A
004E EC                MOV     A,R4
004F 38                ADDC    A,R0
0050 FC                MOV     R4,A
0051 E4                CLR     A
0052 FB                MOV     R3,A
0053 7A04              MOV     R2,#04H
0055 F9                MOV     R1,A
0056 F8                MOV     R0,A
0057 120000      E     LCALL   ?C?SLDIV
005A 900000      R     MOV     DPTR,#aux
005D 120000      E     LCALL   ?C?LSTXDATA
                                           ; SOURCE LINE # 93
0060 900000      R     MOV     DPTR,#aux
0063 E0                MOVX    A,@DPTR
0064 FC                MOV     R4,A
0065 A3                INC     DPTR
0066 E0                MOVX    A,@DPTR
0067 FD                MOV     R5,A
0068 A3                INC     DPTR
0069 E0                MOVX    A,@DPTR
006A FE                MOV     R6,A
006B A3                INC     DPTR
006C E0                MOVX    A,@DPTR
006D FF                MOV     R7,A
006E 900000      R     MOV     DPTR,#old_out
0071 120000      E     LCALL   ?C?LSTXDATA
                                           ; SOURCE LINE # 95
0074 900000      R     MOV     DPTR,#aux
0077 E0                MOVX    A,@DPTR
C51 COMPILER V9.51   UTILS                                                                 10/17/2016 10:45:11 PAGE 18  

0078 FC                MOV     R4,A
0079 A3                INC     DPTR
007A E0                MOVX    A,@DPTR
007B FD                MOV     R5,A
007C A3                INC     DPTR
007D E0                MOVX    A,@DPTR
007E FE                MOV     R6,A
007F A3                INC     DPTR
0080 E0                MOVX    A,@DPTR
0081 FF                MOV     R7,A
                                           ; SOURCE LINE # 96
0082         ?C0006:
0082 22                RET     
             ; FUNCTION _filter_vel_2 (END)

             ; FUNCTION _filter_vel_3 (BEGIN)
                                           ; SOURCE LINE # 98
0000 900000      R     MOV     DPTR,#new_value
0003 120000      E     LCALL   ?C?LSTXDATA
                                           ; SOURCE LINE # 102
0006 E4                CLR     A
0007 7F20              MOV     R7,#020H
0009 FE                MOV     R6,A
000A FD                MOV     R5,A
000B FC                MOV     R4,A
000C 900000      R     MOV     DPTR,#new_value
000F E0                MOVX    A,@DPTR
0010 F8                MOV     R0,A
0011 A3                INC     DPTR
0012 E0                MOVX    A,@DPTR
0013 F9                MOV     R1,A
0014 A3                INC     DPTR
0015 E0                MOVX    A,@DPTR
0016 FA                MOV     R2,A
0017 A3                INC     DPTR
0018 E0                MOVX    A,@DPTR
0019 FB                MOV     R3,A
001A 120000      E     LCALL   ?C?LMUL
001D C004              PUSH    AR4
001F C005              PUSH    AR5
0021 C006              PUSH    AR6
0023 C007              PUSH    AR7
0025 E4                CLR     A
0026 7FE0              MOV     R7,#0E0H
0028 7E03              MOV     R6,#03H
002A FD                MOV     R5,A
002B FC                MOV     R4,A
002C 900000      R     MOV     DPTR,#old_out
002F E0                MOVX    A,@DPTR
0030 F8                MOV     R0,A
0031 A3                INC     DPTR
0032 E0                MOVX    A,@DPTR
0033 F9                MOV     R1,A
0034 A3                INC     DPTR
0035 E0                MOVX    A,@DPTR
0036 FA                MOV     R2,A
0037 A3                INC     DPTR
0038 E0                MOVX    A,@DPTR
0039 FB                MOV     R3,A
003A 120000      E     LCALL   ?C?LMUL
003D D003              POP     AR3
003F D002              POP     AR2
C51 COMPILER V9.51   UTILS                                                                 10/17/2016 10:45:11 PAGE 19  

0041 D001              POP     AR1
0043 D000              POP     AR0
0045 EF                MOV     A,R7
0046 2B                ADD     A,R3
0047 FF                MOV     R7,A
0048 EE                MOV     A,R6
0049 3A                ADDC    A,R2
004A FE                MOV     R6,A
004B ED                MOV     A,R5
004C 39                ADDC    A,R1
004D FD                MOV     R5,A
004E EC                MOV     A,R4
004F 38                ADDC    A,R0
0050 FC                MOV     R4,A
0051 E4                CLR     A
0052 FB                MOV     R3,A
0053 7A04              MOV     R2,#04H
0055 F9                MOV     R1,A
0056 F8                MOV     R0,A
0057 120000      E     LCALL   ?C?SLDIV
005A 900000      R     MOV     DPTR,#aux
005D 120000      E     LCALL   ?C?LSTXDATA
                                           ; SOURCE LINE # 104
0060 900000      R     MOV     DPTR,#aux
0063 E0                MOVX    A,@DPTR
0064 FC                MOV     R4,A
0065 A3                INC     DPTR
0066 E0                MOVX    A,@DPTR
0067 FD                MOV     R5,A
0068 A3                INC     DPTR
0069 E0                MOVX    A,@DPTR
006A FE                MOV     R6,A
006B A3                INC     DPTR
006C E0                MOVX    A,@DPTR
006D FF                MOV     R7,A
006E 900000      R     MOV     DPTR,#old_out
0071 120000      E     LCALL   ?C?LSTXDATA
                                           ; SOURCE LINE # 106
0074 900000      R     MOV     DPTR,#aux
0077 E0                MOVX    A,@DPTR
0078 FC                MOV     R4,A
0079 A3                INC     DPTR
007A E0                MOVX    A,@DPTR
007B FD                MOV     R5,A
007C A3                INC     DPTR
007D E0                MOVX    A,@DPTR
007E FE                MOV     R6,A
007F A3                INC     DPTR
0080 E0                MOVX    A,@DPTR
0081 FF                MOV     R7,A
                                           ; SOURCE LINE # 107
0082         ?C0007:
0082 22                RET     
             ; FUNCTION _filter_vel_3 (END)

             ; FUNCTION _filter_curr_diff (BEGIN)
                                           ; SOURCE LINE # 113
0000 900000      R     MOV     DPTR,#curr_diff
0003 120000      E     LCALL   ?C?LSTXDATA
                                           ; SOURCE LINE # 117
0006 900000      R     MOV     DPTR,#old_input
0009 E0                MOVX    A,@DPTR
C51 COMPILER V9.51   UTILS                                                                 10/17/2016 10:45:11 PAGE 20  

000A FC                MOV     R4,A
000B A3                INC     DPTR
000C E0                MOVX    A,@DPTR
000D FD                MOV     R5,A
000E A3                INC     DPTR
000F E0                MOVX    A,@DPTR
0010 FE                MOV     R6,A
0011 A3                INC     DPTR
0012 E0                MOVX    A,@DPTR
0013 FF                MOV     R7,A
0014 900000      R     MOV     DPTR,#curr_diff
0017 E0                MOVX    A,@DPTR
0018 F8                MOV     R0,A
0019 A3                INC     DPTR
001A E0                MOVX    A,@DPTR
001B F9                MOV     R1,A
001C A3                INC     DPTR
001D E0                MOVX    A,@DPTR
001E FA                MOV     R2,A
001F A3                INC     DPTR
0020 E0                MOVX    A,@DPTR
0021 2F                ADD     A,R7
0022 FF                MOV     R7,A
0023 EA                MOV     A,R2
0024 3E                ADDC    A,R6
0025 FE                MOV     R6,A
0026 E9                MOV     A,R1
0027 3D                ADDC    A,R5
0028 FD                MOV     R5,A
0029 E8                MOV     A,R0
002A 3C                ADDC    A,R4
002B FC                MOV     R4,A
002C 120000      E     LCALL   ?C?FCASTL
002F 7BCD              MOV     R3,#0CDH
0031 7ACC              MOV     R2,#0CCH
0033 794C              MOV     R1,#04CH
0035 783F              MOV     R0,#03FH
0037 120000      E     LCALL   ?C?FPMUL
003A C004              PUSH    AR4
003C C005              PUSH    AR5
003E C006              PUSH    AR6
0040 C007              PUSH    AR7
0042 E4                CLR     A
0043 7FFE              MOV     R7,#0FEH
0045 7E03              MOV     R6,#03H
0047 FD                MOV     R5,A
0048 FC                MOV     R4,A
0049 900000      R     MOV     DPTR,#old_out
004C E0                MOVX    A,@DPTR
004D F8                MOV     R0,A
004E A3                INC     DPTR
004F E0                MOVX    A,@DPTR
0050 F9                MOV     R1,A
0051 A3                INC     DPTR
0052 E0                MOVX    A,@DPTR
0053 FA                MOV     R2,A
0054 A3                INC     DPTR
0055 E0                MOVX    A,@DPTR
0056 FB                MOV     R3,A
0057 120000      E     LCALL   ?C?LMUL
005A EC                MOV     A,R4
005B 120000      E     LCALL   ?C?FCASTL
C51 COMPILER V9.51   UTILS                                                                 10/17/2016 10:45:11 PAGE 21  

005E D003              POP     AR3
0060 D002              POP     AR2
0062 D001              POP     AR1
0064 D000              POP     AR0
0066 120000      E     LCALL   ?C?FPADD
0069 E4                CLR     A
006A FB                MOV     R3,A
006B FA                MOV     R2,A
006C 7980              MOV     R1,#080H
006E 7844              MOV     R0,#044H
0070 120000      E     LCALL   ?C?FPDIV
0073 120000      E     LCALL   ?C?CASTF
0076 900000      R     MOV     DPTR,#aux
0079 120000      E     LCALL   ?C?LSTXDATA
                                           ; SOURCE LINE # 119
007C 900000      R     MOV     DPTR,#aux
007F E0                MOVX    A,@DPTR
0080 FC                MOV     R4,A
0081 A3                INC     DPTR
0082 E0                MOVX    A,@DPTR
0083 FD                MOV     R5,A
0084 A3                INC     DPTR
0085 E0                MOVX    A,@DPTR
0086 FE                MOV     R6,A
0087 A3                INC     DPTR
0088 E0                MOVX    A,@DPTR
0089 FF                MOV     R7,A
008A 900000      R     MOV     DPTR,#old_out
008D 120000      E     LCALL   ?C?LSTXDATA
                                           ; SOURCE LINE # 120
0090 900000      R     MOV     DPTR,#curr_diff
0093 E0                MOVX    A,@DPTR
0094 FC                MOV     R4,A
0095 A3                INC     DPTR
0096 E0                MOVX    A,@DPTR
0097 FD                MOV     R5,A
0098 A3                INC     DPTR
0099 E0                MOVX    A,@DPTR
009A FE                MOV     R6,A
009B A3                INC     DPTR
009C E0                MOVX    A,@DPTR
009D FF                MOV     R7,A
009E 900000      R     MOV     DPTR,#old_input
00A1 120000      E     LCALL   ?C?LSTXDATA
                                           ; SOURCE LINE # 122
00A4 900000      R     MOV     DPTR,#aux
00A7 E0                MOVX    A,@DPTR
00A8 FC                MOV     R4,A
00A9 A3                INC     DPTR
00AA E0                MOVX    A,@DPTR
00AB FD                MOV     R5,A
00AC A3                INC     DPTR
00AD E0                MOVX    A,@DPTR
00AE FE                MOV     R6,A
00AF A3                INC     DPTR
00B0 E0                MOVX    A,@DPTR
00B1 FF                MOV     R7,A
                                           ; SOURCE LINE # 123
00B2         ?C0008:
00B2 22                RET     
             ; FUNCTION _filter_curr_diff (END)

C51 COMPILER V9.51   UTILS                                                                 10/17/2016 10:45:11 PAGE 22  

             ; FUNCTION _filter_ch2 (BEGIN)
                                           ; SOURCE LINE # 129
0000 900000      R     MOV     DPTR,#new_value
0003 120000      E     LCALL   ?C?LSTXDATA
                                           ; SOURCE LINE # 133
0006 E4                CLR     A
0007 7F32              MOV     R7,#032H
0009 FE                MOV     R6,A
000A FD                MOV     R5,A
000B FC                MOV     R4,A
000C 900000      R     MOV     DPTR,#new_value
000F E0                MOVX    A,@DPTR
0010 F8                MOV     R0,A
0011 A3                INC     DPTR
0012 E0                MOVX    A,@DPTR
0013 F9                MOV     R1,A
0014 A3                INC     DPTR
0015 E0                MOVX    A,@DPTR
0016 FA                MOV     R2,A
0017 A3                INC     DPTR
0018 E0                MOVX    A,@DPTR
0019 FB                MOV     R3,A
001A 120000      E     LCALL   ?C?LMUL
001D C004              PUSH    AR4
001F C005              PUSH    AR5
0021 C006              PUSH    AR6
0023 C007              PUSH    AR7
0025 E4                CLR     A
0026 7FCE              MOV     R7,#0CEH
0028 7E03              MOV     R6,#03H
002A FD                MOV     R5,A
002B FC                MOV     R4,A
002C 900000      R     MOV     DPTR,#old_value
002F E0                MOVX    A,@DPTR
0030 F8                MOV     R0,A
0031 A3                INC     DPTR
0032 E0                MOVX    A,@DPTR
0033 F9                MOV     R1,A
0034 A3                INC     DPTR
0035 E0                MOVX    A,@DPTR
0036 FA                MOV     R2,A
0037 A3                INC     DPTR
0038 E0                MOVX    A,@DPTR
0039 FB                MOV     R3,A
003A 120000      E     LCALL   ?C?LMUL
003D D003              POP     AR3
003F D002              POP     AR2
0041 D001              POP     AR1
0043 D000              POP     AR0
0045 EF                MOV     A,R7
0046 2B                ADD     A,R3
0047 FF                MOV     R7,A
0048 EE                MOV     A,R6
0049 3A                ADDC    A,R2
004A FE                MOV     R6,A
004B ED                MOV     A,R5
004C 39                ADDC    A,R1
004D FD                MOV     R5,A
004E EC                MOV     A,R4
004F 38                ADDC    A,R0
0050 FC                MOV     R4,A
0051 E4                CLR     A
C51 COMPILER V9.51   UTILS                                                                 10/17/2016 10:45:11 PAGE 23  

0052 FB                MOV     R3,A
0053 7A04              MOV     R2,#04H
0055 F9                MOV     R1,A
0056 F8                MOV     R0,A
0057 120000      E     LCALL   ?C?SLDIV
005A 900000      R     MOV     DPTR,#aux
005D 120000      E     LCALL   ?C?LSTXDATA
                                           ; SOURCE LINE # 135
0060 900000      R     MOV     DPTR,#aux
0063 E0                MOVX    A,@DPTR
0064 FC                MOV     R4,A
0065 A3                INC     DPTR
0066 E0                MOVX    A,@DPTR
0067 FD                MOV     R5,A
0068 A3                INC     DPTR
0069 E0                MOVX    A,@DPTR
006A FE                MOV     R6,A
006B A3                INC     DPTR
006C E0                MOVX    A,@DPTR
006D FF                MOV     R7,A
006E 900000      R     MOV     DPTR,#old_value
0071 120000      E     LCALL   ?C?LSTXDATA
                                           ; SOURCE LINE # 137
0074 900000      R     MOV     DPTR,#aux
0077 E0                MOVX    A,@DPTR
0078 FC                MOV     R4,A
0079 A3                INC     DPTR
007A E0                MOVX    A,@DPTR
007B FD                MOV     R5,A
007C A3                INC     DPTR
007D E0                MOVX    A,@DPTR
007E FE                MOV     R6,A
007F A3                INC     DPTR
0080 E0                MOVX    A,@DPTR
0081 FF                MOV     R7,A
                                           ; SOURCE LINE # 138
0082         ?C0009:
0082 22                RET     
             ; FUNCTION _filter_ch2 (END)

             ; FUNCTION _filter_acc_1 (BEGIN)
                                           ; SOURCE LINE # 144
0000 900000      R     MOV     DPTR,#new_value
0003 120000      E     LCALL   ?C?LSTXDATA
                                           ; SOURCE LINE # 148
0006 E4                CLR     A
0007 7F20              MOV     R7,#020H
0009 FE                MOV     R6,A
000A FD                MOV     R5,A
000B FC                MOV     R4,A
000C 900000      R     MOV     DPTR,#new_value
000F E0                MOVX    A,@DPTR
0010 F8                MOV     R0,A
0011 A3                INC     DPTR
0012 E0                MOVX    A,@DPTR
0013 F9                MOV     R1,A
0014 A3                INC     DPTR
0015 E0                MOVX    A,@DPTR
0016 FA                MOV     R2,A
0017 A3                INC     DPTR
0018 E0                MOVX    A,@DPTR
0019 FB                MOV     R3,A
C51 COMPILER V9.51   UTILS                                                                 10/17/2016 10:45:11 PAGE 24  

001A 120000      E     LCALL   ?C?LMUL
001D C004              PUSH    AR4
001F C005              PUSH    AR5
0021 C006              PUSH    AR6
0023 C007              PUSH    AR7
0025 E4                CLR     A
0026 7FE0              MOV     R7,#0E0H
0028 7E03              MOV     R6,#03H
002A FD                MOV     R5,A
002B FC                MOV     R4,A
002C 900000      R     MOV     DPTR,#old_out
002F E0                MOVX    A,@DPTR
0030 F8                MOV     R0,A
0031 A3                INC     DPTR
0032 E0                MOVX    A,@DPTR
0033 F9                MOV     R1,A
0034 A3                INC     DPTR
0035 E0                MOVX    A,@DPTR
0036 FA                MOV     R2,A
0037 A3                INC     DPTR
0038 E0                MOVX    A,@DPTR
0039 FB                MOV     R3,A
003A 120000      E     LCALL   ?C?LMUL
003D D003              POP     AR3
003F D002              POP     AR2
0041 D001              POP     AR1
0043 D000              POP     AR0
0045 EF                MOV     A,R7
0046 2B                ADD     A,R3
0047 FF                MOV     R7,A
0048 EE                MOV     A,R6
0049 3A                ADDC    A,R2
004A FE                MOV     R6,A
004B ED                MOV     A,R5
004C 39                ADDC    A,R1
004D FD                MOV     R5,A
004E EC                MOV     A,R4
004F 38                ADDC    A,R0
0050 FC                MOV     R4,A
0051 E4                CLR     A
0052 FB                MOV     R3,A
0053 7A04              MOV     R2,#04H
0055 F9                MOV     R1,A
0056 F8                MOV     R0,A
0057 120000      E     LCALL   ?C?SLDIV
005A 900000      R     MOV     DPTR,#aux
005D 120000      E     LCALL   ?C?LSTXDATA
                                           ; SOURCE LINE # 150
0060 900000      R     MOV     DPTR,#aux
0063 E0                MOVX    A,@DPTR
0064 FC                MOV     R4,A
0065 A3                INC     DPTR
0066 E0                MOVX    A,@DPTR
0067 FD                MOV     R5,A
0068 A3                INC     DPTR
0069 E0                MOVX    A,@DPTR
006A FE                MOV     R6,A
006B A3                INC     DPTR
006C E0                MOVX    A,@DPTR
006D FF                MOV     R7,A
006E 900000      R     MOV     DPTR,#old_out
0071 120000      E     LCALL   ?C?LSTXDATA
C51 COMPILER V9.51   UTILS                                                                 10/17/2016 10:45:11 PAGE 25  

                                           ; SOURCE LINE # 152
0074 900000      R     MOV     DPTR,#aux
0077 E0                MOVX    A,@DPTR
0078 FC                MOV     R4,A
0079 A3                INC     DPTR
007A E0                MOVX    A,@DPTR
007B FD                MOV     R5,A
007C A3                INC     DPTR
007D E0                MOVX    A,@DPTR
007E FE                MOV     R6,A
007F A3                INC     DPTR
0080 E0                MOVX    A,@DPTR
0081 FF                MOV     R7,A
                                           ; SOURCE LINE # 153
0082         ?C0010:
0082 22                RET     
             ; FUNCTION _filter_acc_1 (END)

             ; FUNCTION _filter_acc_2 (BEGIN)
                                           ; SOURCE LINE # 155
0000 900000      R     MOV     DPTR,#new_value
0003 120000      E     LCALL   ?C?LSTXDATA
                                           ; SOURCE LINE # 159
0006 E4                CLR     A
0007 7F20              MOV     R7,#020H
0009 FE                MOV     R6,A
000A FD                MOV     R5,A
000B FC                MOV     R4,A
000C 900000      R     MOV     DPTR,#new_value
000F E0                MOVX    A,@DPTR
0010 F8                MOV     R0,A
0011 A3                INC     DPTR
0012 E0                MOVX    A,@DPTR
0013 F9                MOV     R1,A
0014 A3                INC     DPTR
0015 E0                MOVX    A,@DPTR
0016 FA                MOV     R2,A
0017 A3                INC     DPTR
0018 E0                MOVX    A,@DPTR
0019 FB                MOV     R3,A
001A 120000      E     LCALL   ?C?LMUL
001D C004              PUSH    AR4
001F C005              PUSH    AR5
0021 C006              PUSH    AR6
0023 C007              PUSH    AR7
0025 E4                CLR     A
0026 7FE0              MOV     R7,#0E0H
0028 7E03              MOV     R6,#03H
002A FD                MOV     R5,A
002B FC                MOV     R4,A
002C 900000      R     MOV     DPTR,#old_out
002F E0                MOVX    A,@DPTR
0030 F8                MOV     R0,A
0031 A3                INC     DPTR
0032 E0                MOVX    A,@DPTR
0033 F9                MOV     R1,A
0034 A3                INC     DPTR
0035 E0                MOVX    A,@DPTR
0036 FA                MOV     R2,A
0037 A3                INC     DPTR
0038 E0                MOVX    A,@DPTR
0039 FB                MOV     R3,A
C51 COMPILER V9.51   UTILS                                                                 10/17/2016 10:45:11 PAGE 26  

003A 120000      E     LCALL   ?C?LMUL
003D D003              POP     AR3
003F D002              POP     AR2
0041 D001              POP     AR1
0043 D000              POP     AR0
0045 EF                MOV     A,R7
0046 2B                ADD     A,R3
0047 FF                MOV     R7,A
0048 EE                MOV     A,R6
0049 3A                ADDC    A,R2
004A FE                MOV     R6,A
004B ED                MOV     A,R5
004C 39                ADDC    A,R1
004D FD                MOV     R5,A
004E EC                MOV     A,R4
004F 38                ADDC    A,R0
0050 FC                MOV     R4,A
0051 E4                CLR     A
0052 FB                MOV     R3,A
0053 7A04              MOV     R2,#04H
0055 F9                MOV     R1,A
0056 F8                MOV     R0,A
0057 120000      E     LCALL   ?C?SLDIV
005A 900000      R     MOV     DPTR,#aux
005D 120000      E     LCALL   ?C?LSTXDATA
                                           ; SOURCE LINE # 161
0060 900000      R     MOV     DPTR,#aux
0063 E0                MOVX    A,@DPTR
0064 FC                MOV     R4,A
0065 A3                INC     DPTR
0066 E0                MOVX    A,@DPTR
0067 FD                MOV     R5,A
0068 A3                INC     DPTR
0069 E0                MOVX    A,@DPTR
006A FE                MOV     R6,A
006B A3                INC     DPTR
006C E0                MOVX    A,@DPTR
006D FF                MOV     R7,A
006E 900000      R     MOV     DPTR,#old_out
0071 120000      E     LCALL   ?C?LSTXDATA
                                           ; SOURCE LINE # 163
0074 900000      R     MOV     DPTR,#aux
0077 E0                MOVX    A,@DPTR
0078 FC                MOV     R4,A
0079 A3                INC     DPTR
007A E0                MOVX    A,@DPTR
007B FD                MOV     R5,A
007C A3                INC     DPTR
007D E0                MOVX    A,@DPTR
007E FE                MOV     R6,A
007F A3                INC     DPTR
0080 E0                MOVX    A,@DPTR
0081 FF                MOV     R7,A
                                           ; SOURCE LINE # 164
0082         ?C0011:
0082 22                RET     
             ; FUNCTION _filter_acc_2 (END)

             ; FUNCTION _filter_acc_3 (BEGIN)
                                           ; SOURCE LINE # 166
0000 900000      R     MOV     DPTR,#new_value
0003 120000      E     LCALL   ?C?LSTXDATA
C51 COMPILER V9.51   UTILS                                                                 10/17/2016 10:45:11 PAGE 27  

                                           ; SOURCE LINE # 170
0006 E4                CLR     A
0007 7F20              MOV     R7,#020H
0009 FE                MOV     R6,A
000A FD                MOV     R5,A
000B FC                MOV     R4,A
000C 900000      R     MOV     DPTR,#new_value
000F E0                MOVX    A,@DPTR
0010 F8                MOV     R0,A
0011 A3                INC     DPTR
0012 E0                MOVX    A,@DPTR
0013 F9                MOV     R1,A
0014 A3                INC     DPTR
0015 E0                MOVX    A,@DPTR
0016 FA                MOV     R2,A
0017 A3                INC     DPTR
0018 E0                MOVX    A,@DPTR
0019 FB                MOV     R3,A
001A 120000      E     LCALL   ?C?LMUL
001D C004              PUSH    AR4
001F C005              PUSH    AR5
0021 C006              PUSH    AR6
0023 C007              PUSH    AR7
0025 E4                CLR     A
0026 7FE0              MOV     R7,#0E0H
0028 7E03              MOV     R6,#03H
002A FD                MOV     R5,A
002B FC                MOV     R4,A
002C 900000      R     MOV     DPTR,#old_out
002F E0                MOVX    A,@DPTR
0030 F8                MOV     R0,A
0031 A3                INC     DPTR
0032 E0                MOVX    A,@DPTR
0033 F9                MOV     R1,A
0034 A3                INC     DPTR
0035 E0                MOVX    A,@DPTR
0036 FA                MOV     R2,A
0037 A3                INC     DPTR
0038 E0                MOVX    A,@DPTR
0039 FB                MOV     R3,A
003A 120000      E     LCALL   ?C?LMUL
003D D003              POP     AR3
003F D002              POP     AR2
0041 D001              POP     AR1
0043 D000              POP     AR0
0045 EF                MOV     A,R7
0046 2B                ADD     A,R3
0047 FF                MOV     R7,A
0048 EE                MOV     A,R6
0049 3A                ADDC    A,R2
004A FE                MOV     R6,A
004B ED                MOV     A,R5
004C 39                ADDC    A,R1
004D FD                MOV     R5,A
004E EC                MOV     A,R4
004F 38                ADDC    A,R0
0050 FC                MOV     R4,A
0051 E4                CLR     A
0052 FB                MOV     R3,A
0053 7A04              MOV     R2,#04H
0055 F9                MOV     R1,A
0056 F8                MOV     R0,A
C51 COMPILER V9.51   UTILS                                                                 10/17/2016 10:45:11 PAGE 28  

0057 120000      E     LCALL   ?C?SLDIV
005A 900000      R     MOV     DPTR,#aux
005D 120000      E     LCALL   ?C?LSTXDATA
                                           ; SOURCE LINE # 172
0060 900000      R     MOV     DPTR,#aux
0063 E0                MOVX    A,@DPTR
0064 FC                MOV     R4,A
0065 A3                INC     DPTR
0066 E0                MOVX    A,@DPTR
0067 FD                MOV     R5,A
0068 A3                INC     DPTR
0069 E0                MOVX    A,@DPTR
006A FE                MOV     R6,A
006B A3                INC     DPTR
006C E0                MOVX    A,@DPTR
006D FF                MOV     R7,A
006E 900000      R     MOV     DPTR,#old_out
0071 120000      E     LCALL   ?C?LSTXDATA
                                           ; SOURCE LINE # 174
0074 900000      R     MOV     DPTR,#aux
0077 E0                MOVX    A,@DPTR
0078 FC                MOV     R4,A
0079 A3                INC     DPTR
007A E0                MOVX    A,@DPTR
007B FD                MOV     R5,A
007C A3                INC     DPTR
007D E0                MOVX    A,@DPTR
007E FE                MOV     R6,A
007F A3                INC     DPTR
0080 E0                MOVX    A,@DPTR
0081 FF                MOV     R7,A
                                           ; SOURCE LINE # 175
0082         ?C0012:
0082 22                RET     
             ; FUNCTION _filter_acc_3 (END)

             ; FUNCTION _check_enc_data (BEGIN)
                                           ; SOURCE LINE # 183
;---- Variable 'value' assigned to Register 'R1/R2/R3' ----
                                           ; SOURCE LINE # 185
0000 7800        R     MOV     R0,#LOW p
0002 A603              MOV     @R0,AR3
0004 08                INC     R0
0005 A602              MOV     @R0,AR2
0007 08                INC     R0
0008 A601              MOV     @R0,AR1
                                           ; SOURCE LINE # 186
000A 120000      E     LCALL   ?C?CLDPTR
000D F500        R     MOV     a,A
                                           ; SOURCE LINE # 188
000F 7800        R     MOV     R0,#LOW p
0011 8603              MOV     AR3,@R0
0013 08                INC     R0
0014 08                INC     R0
0015 06                INC     @R0
0016 E6                MOV     A,@R0
0017 18                DEC     R0
0018 7001              JNZ     ?C0029
001A 06                INC     @R0
001B         ?C0029:
001B F9                MOV     R1,A
001C 8602              MOV     AR2,@R0
C51 COMPILER V9.51   UTILS                                                                 10/17/2016 10:45:11 PAGE 29  

001E 120000      E     LCALL   ?C?CLDPTR
0021 6200        R     XRL     a,A
                                           ; SOURCE LINE # 189
0023 7800        R     MOV     R0,#LOW p
0025 8603              MOV     AR3,@R0
0027 08                INC     R0
0028 08                INC     R0
0029 06                INC     @R0
002A E6                MOV     A,@R0
002B 18                DEC     R0
002C 7001              JNZ     ?C0030
002E 06                INC     @R0
002F         ?C0030:
002F F9                MOV     R1,A
0030 8602              MOV     AR2,@R0
0032 120000      E     LCALL   ?C?CLDPTR
0035 6200        R     XRL     a,A
                                           ; SOURCE LINE # 190
0037 7800        R     MOV     R0,#LOW p
0039 8603              MOV     AR3,@R0
003B 08                INC     R0
003C 08                INC     R0
003D 06                INC     @R0
003E E6                MOV     A,@R0
003F 18                DEC     R0
0040 7001              JNZ     ?C0031
0042 06                INC     @R0
0043         ?C0031:
0043 F9                MOV     R1,A
0044 8602              MOV     AR2,@R0
0046 120000      E     LCALL   ?C?CLDPTR
0049 6200        R     XRL     a,A
                                           ; SOURCE LINE # 191
004B E500        R     MOV     A,a
004D C4                SWAP    A
004E 540F              ANL     A,#0FH
0050 FF                MOV     R7,A
0051 E500        R     MOV     A,a
0053 540F              ANL     A,#0FH
0055 6F                XRL     A,R7
0056 F500        R     MOV     a,A
                                           ; SOURCE LINE # 193
0058 FF                MOV     R7,A
0059 7469              MOV     A,#069H
005B 7E96              MOV     R6,#096H
005D A807              MOV     R0,AR7
005F 08                INC     R0
0060 8005              SJMP    ?C0033
0062         ?C0032:
0062 CE                XCH     A,R6
0063 C3                CLR     C
0064 13                RRC     A
0065 CE                XCH     A,R6
0066 13                RRC     A
0067         ?C0033:
0067 D8F9              DJNZ    R0,?C0032
0069 13                RRC     A
                                           ; SOURCE LINE # 195
006A         ?C0013:
006A 22                RET     
             ; FUNCTION _check_enc_data (END)

C51 COMPILER V9.51   UTILS                                                                 10/17/2016 10:45:11 PAGE 30  

             ; FUNCTION _my_round (BEGIN)
                                           ; SOURCE LINE # 201
0000 900000      R     MOV     DPTR,#x
0003 120000      E     LCALL   ?C?LSTXDATA
                                           ; SOURCE LINE # 203
0006 E4                CLR     A
0007 FF                MOV     R7,A
0008 FE                MOV     R6,A
0009 FD                MOV     R5,A
000A FC                MOV     R4,A
000B 900000      R     MOV     DPTR,#x
000E E0                MOVX    A,@DPTR
000F F8                MOV     R0,A
0010 A3                INC     DPTR
0011 E0                MOVX    A,@DPTR
0012 F9                MOV     R1,A
0013 A3                INC     DPTR
0014 E0                MOVX    A,@DPTR
0015 FA                MOV     R2,A
0016 A3                INC     DPTR
0017 E0                MOVX    A,@DPTR
0018 FB                MOV     R3,A
0019 120000      E     LCALL   ?C?FPCMP3
001C 501B              JNC     ?C0014
                                           ; SOURCE LINE # 204
001E E4                CLR     A
001F FF                MOV     R7,A
0020 FE                MOV     R6,A
0021 FD                MOV     R5,A
0022 7CBF              MOV     R4,#0BFH
0024 900000      R     MOV     DPTR,#x
0027 E0                MOVX    A,@DPTR
0028 F8                MOV     R0,A
0029 A3                INC     DPTR
002A E0                MOVX    A,@DPTR
002B F9                MOV     R1,A
002C A3                INC     DPTR
002D E0                MOVX    A,@DPTR
002E FA                MOV     R2,A
002F A3                INC     DPTR
0030 E0                MOVX    A,@DPTR
0031 FB                MOV     R3,A
0032 120000      E     LCALL   ?C?FPADD
0035 120000      E     LCALL   ?C?CASTF
0038 22                RET     
0039         ?C0014:
                                           ; SOURCE LINE # 206
0039 E4                CLR     A
003A FF                MOV     R7,A
003B FE                MOV     R6,A
003C FD                MOV     R5,A
003D 7C3F              MOV     R4,#03FH
003F 900000      R     MOV     DPTR,#x
0042 E0                MOVX    A,@DPTR
0043 F8                MOV     R0,A
0044 A3                INC     DPTR
0045 E0                MOVX    A,@DPTR
0046 F9                MOV     R1,A
0047 A3                INC     DPTR
0048 E0                MOVX    A,@DPTR
0049 FA                MOV     R2,A
004A A3                INC     DPTR
C51 COMPILER V9.51   UTILS                                                                 10/17/2016 10:45:11 PAGE 31  

004B E0                MOVX    A,@DPTR
004C FB                MOV     R3,A
004D 120000      E     LCALL   ?C?FPADD
0050 120000      E     LCALL   ?C?CASTF
                                           ; SOURCE LINE # 207
0053         ?C0015:
0053 22                RET     
             ; FUNCTION _my_round (END)

             ; FUNCTION _my_mod (BEGIN)
                                           ; SOURCE LINE # 213
0000 900000      R     MOV     DPTR,#val
0003 120000      E     LCALL   ?C?LSTXDATA
                                           ; SOURCE LINE # 215
0006 E4                CLR     A
0007 FF                MOV     R7,A
0008 FE                MOV     R6,A
0009 FD                MOV     R5,A
000A FC                MOV     R4,A
000B 900000      R     MOV     DPTR,#val
000E E0                MOVX    A,@DPTR
000F F8                MOV     R0,A
0010 A3                INC     DPTR
0011 E0                MOVX    A,@DPTR
0012 F9                MOV     R1,A
0013 A3                INC     DPTR
0014 E0                MOVX    A,@DPTR
0015 FA                MOV     R2,A
0016 A3                INC     DPTR
0017 E0                MOVX    A,@DPTR
0018 FB                MOV     R3,A
0019 C3                CLR     C
001A 120000      E     LCALL   ?C?SLCMP
001D 4028              JC      ?C0017
                                           ; SOURCE LINE # 216
001F 900000      R     MOV     DPTR,#divisor
0022 E0                MOVX    A,@DPTR
0023 F8                MOV     R0,A
0024 A3                INC     DPTR
0025 E0                MOVX    A,@DPTR
0026 F9                MOV     R1,A
0027 A3                INC     DPTR
0028 E0                MOVX    A,@DPTR
0029 FA                MOV     R2,A
002A A3                INC     DPTR
002B E0                MOVX    A,@DPTR
002C FB                MOV     R3,A
002D 900000      R     MOV     DPTR,#val
0030 E0                MOVX    A,@DPTR
0031 FC                MOV     R4,A
0032 A3                INC     DPTR
0033 E0                MOVX    A,@DPTR
0034 FD                MOV     R5,A
0035 A3                INC     DPTR
0036 E0                MOVX    A,@DPTR
0037 FE                MOV     R6,A
0038 A3                INC     DPTR
0039 E0                MOVX    A,@DPTR
003A FF                MOV     R7,A
003B 120000      E     LCALL   ?C?SLDIV
003E AC00              MOV     R4,AR0
0040 AD01              MOV     R5,AR1
C51 COMPILER V9.51   UTILS                                                                 10/17/2016 10:45:11 PAGE 32  

0042 AE02              MOV     R6,AR2
0044 AF03              MOV     R7,AR3
0046 22                RET     
                                           ; SOURCE LINE # 217
0047         ?C0017:
                                           ; SOURCE LINE # 218
0047 900000      R     MOV     DPTR,#val
004A E0                MOVX    A,@DPTR
004B FC                MOV     R4,A
004C A3                INC     DPTR
004D E0                MOVX    A,@DPTR
004E FD                MOV     R5,A
004F A3                INC     DPTR
0050 E0                MOVX    A,@DPTR
0051 FE                MOV     R6,A
0052 A3                INC     DPTR
0053 E0                MOVX    A,@DPTR
0054 FF                MOV     R7,A
0055 120000      E     LCALL   ?C?LNEG
0058 A3                INC     DPTR
0059 E0                MOVX    A,@DPTR
005A F8                MOV     R0,A
005B A3                INC     DPTR
005C E0                MOVX    A,@DPTR
005D F9                MOV     R1,A
005E A3                INC     DPTR
005F E0                MOVX    A,@DPTR
0060 FA                MOV     R2,A
0061 A3                INC     DPTR
0062 E0                MOVX    A,@DPTR
0063 FB                MOV     R3,A
0064 120000      E     LCALL   ?C?SLDIV
0067 900000      R     MOV     DPTR,#divisor
006A E0                MOVX    A,@DPTR
006B FC                MOV     R4,A
006C A3                INC     DPTR
006D E0                MOVX    A,@DPTR
006E FD                MOV     R5,A
006F A3                INC     DPTR
0070 E0                MOVX    A,@DPTR
0071 FE                MOV     R6,A
0072 A3                INC     DPTR
0073 E0                MOVX    A,@DPTR
0074 C3                CLR     C
0075 9B                SUBB    A,R3
0076 FF                MOV     R7,A
0077 EE                MOV     A,R6
0078 9A                SUBB    A,R2
0079 FE                MOV     R6,A
007A ED                MOV     A,R5
007B 99                SUBB    A,R1
007C FD                MOV     R5,A
007D EC                MOV     A,R4
007E 98                SUBB    A,R0
007F FC                MOV     R4,A
                                           ; SOURCE LINE # 219
                                           ; SOURCE LINE # 220
0080         ?C0018:
0080 22                RET     
             ; FUNCTION _my_mod (END)

             ; FUNCTION calibration (BEGIN)
C51 COMPILER V9.51   UTILS                                                                 10/17/2016 10:45:11 PAGE 33  

                                           ; SOURCE LINE # 227
                                           ; SOURCE LINE # 233
0000 900000      R     MOV     DPTR,#direction
0003 E0                MOVX    A,@DPTR
0004 707B              JNZ     ?C0020
                                           ; SOURCE LINE # 234
0006 900000      E     MOV     DPTR,#g_ref
0009 E0                MOVX    A,@DPTR
000A F8                MOV     R0,A
000B A3                INC     DPTR
000C E0                MOVX    A,@DPTR
000D F9                MOV     R1,A
000E A3                INC     DPTR
000F E0                MOVX    A,@DPTR
0010 FA                MOV     R2,A
0011 A3                INC     DPTR
0012 E0                MOVX    A,@DPTR
0013 FB                MOV     R3,A
0014 C000              PUSH    AR0
0016 C001              PUSH    AR1
0018 C002              PUSH    AR2
001A C003              PUSH    AR3
001C 900000      E     MOV     DPTR,#g_mem+035H
001F E0                MOVX    A,@DPTR
0020 FF                MOV     R7,A
0021 900000      E     MOV     DPTR,#calib+02H
0024 E0                MOVX    A,@DPTR
0025 FE                MOV     R6,A
0026 A3                INC     DPTR
0027 E0                MOVX    A,@DPTR
0028 A807              MOV     R0,AR7
002A 08                INC     R0
002B 8005              SJMP    ?C0035
002D         ?C0034:
002D C3                CLR     C
002E 33                RLC     A
002F CE                XCH     A,R6
0030 33                RLC     A
0031 CE                XCH     A,R6
0032         ?C0035:
0032 D8F9              DJNZ    R0,?C0034
0034 FF                MOV     R7,A
0035 EE                MOV     A,R6
0036 33                RLC     A
0037 95E0              SUBB    A,ACC
0039 FD                MOV     R5,A
003A FC                MOV     R4,A
003B D003              POP     AR3
003D D002              POP     AR2
003F D001              POP     AR1
0041 D000              POP     AR0
0043 EB                MOV     A,R3
0044 2F                ADD     A,R7
0045 FF                MOV     R7,A
0046 EA                MOV     A,R2
0047 3E                ADDC    A,R6
0048 FE                MOV     R6,A
0049 E9                MOV     A,R1
004A 3D                ADDC    A,R5
004B FD                MOV     R5,A
004C E8                MOV     A,R0
004D 3C                ADDC    A,R4
C51 COMPILER V9.51   UTILS                                                                 10/17/2016 10:45:11 PAGE 34  

004E FC                MOV     R4,A
004F 900000      E     MOV     DPTR,#g_ref
0052 120000      E     LCALL   ?C?LSTXDATA
                                           ; SOURCE LINE # 235
0055 900000      E     MOV     DPTR,#g_mem+059H
0058 E0                MOVX    A,@DPTR
0059 FC                MOV     R4,A
005A A3                INC     DPTR
005B E0                MOVX    A,@DPTR
005C FD                MOV     R5,A
005D A3                INC     DPTR
005E E0                MOVX    A,@DPTR
005F FE                MOV     R6,A
0060 A3                INC     DPTR
0061 E0                MOVX    A,@DPTR
0062 FF                MOV     R7,A
0063 900000      E     MOV     DPTR,#g_ref
0066 E0                MOVX    A,@DPTR
0067 F8                MOV     R0,A
0068 A3                INC     DPTR
0069 E0                MOVX    A,@DPTR
006A F9                MOV     R1,A
006B A3                INC     DPTR
006C E0                MOVX    A,@DPTR
006D FA                MOV     R2,A
006E A3                INC     DPTR
006F E0                MOVX    A,@DPTR
0070 FB                MOV     R3,A
0071 D3                SETB    C
0072 120000      E     LCALL   ?C?SLCMP
0075 5003              JNC     $ + 5H
0077 020000      R     LJMP    ?C0027
                                           ; SOURCE LINE # 236
007A 900000      R     MOV     DPTR,#direction
007D 7401              MOV     A,#01H
007F F0                MOVX    @DPTR,A
                                           ; SOURCE LINE # 237
                                           ; SOURCE LINE # 238
0080 22                RET     
0081         ?C0020:
                                           ; SOURCE LINE # 239
0081 900000      E     MOV     DPTR,#g_ref
0084 E0                MOVX    A,@DPTR
0085 FC                MOV     R4,A
0086 A3                INC     DPTR
0087 E0                MOVX    A,@DPTR
0088 FD                MOV     R5,A
0089 A3                INC     DPTR
008A E0                MOVX    A,@DPTR
008B FE                MOV     R6,A
008C A3                INC     DPTR
008D E0                MOVX    A,@DPTR
008E FF                MOV     R7,A
008F C004              PUSH    AR4
0091 C005              PUSH    AR5
0093 C006              PUSH    AR6
0095 C007              PUSH    AR7
0097 900000      E     MOV     DPTR,#g_mem+035H
009A E0                MOVX    A,@DPTR
009B FF                MOV     R7,A
009C 900000      E     MOV     DPTR,#calib+02H
009F E0                MOVX    A,@DPTR
C51 COMPILER V9.51   UTILS                                                                 10/17/2016 10:45:11 PAGE 35  

00A0 FE                MOV     R6,A
00A1 A3                INC     DPTR
00A2 E0                MOVX    A,@DPTR
00A3 A807              MOV     R0,AR7
00A5 08                INC     R0
00A6 8005              SJMP    ?C0037
00A8         ?C0036:
00A8 C3                CLR     C
00A9 33                RLC     A
00AA CE                XCH     A,R6
00AB 33                RLC     A
00AC CE                XCH     A,R6
00AD         ?C0037:
00AD D8F9              DJNZ    R0,?C0036
00AF FF                MOV     R7,A
00B0 FB                MOV     R3,A
00B1 AA06              MOV     R2,AR6
00B3 EA                MOV     A,R2
00B4 33                RLC     A
00B5 95E0              SUBB    A,ACC
00B7 F9                MOV     R1,A
00B8 F8                MOV     R0,A
00B9 D007              POP     AR7
00BB D006              POP     AR6
00BD D005              POP     AR5
00BF D004              POP     AR4
00C1 C3                CLR     C
00C2 EF                MOV     A,R7
00C3 9B                SUBB    A,R3
00C4 FF                MOV     R7,A
00C5 EE                MOV     A,R6
00C6 9A                SUBB    A,R2
00C7 FE                MOV     R6,A
00C8 ED                MOV     A,R5
00C9 99                SUBB    A,R1
00CA FD                MOV     R5,A
00CB EC                MOV     A,R4
00CC 98                SUBB    A,R0
00CD FC                MOV     R4,A
00CE 900000      E     MOV     DPTR,#g_ref
00D1 120000      E     LCALL   ?C?LSTXDATA
                                           ; SOURCE LINE # 240
00D4 E4                CLR     A
00D5 FF                MOV     R7,A
00D6 FE                MOV     R6,A
00D7 FD                MOV     R5,A
00D8 FC                MOV     R4,A
00D9 900000      E     MOV     DPTR,#g_ref
00DC E0                MOVX    A,@DPTR
00DD F8                MOV     R0,A
00DE A3                INC     DPTR
00DF E0                MOVX    A,@DPTR
00E0 F9                MOV     R1,A
00E1 A3                INC     DPTR
00E2 E0                MOVX    A,@DPTR
00E3 FA                MOV     R2,A
00E4 A3                INC     DPTR
00E5 E0                MOVX    A,@DPTR
00E6 FB                MOV     R3,A
00E7 C3                CLR     C
00E8 120000      E     LCALL   ?C?SLCMP
00EB 4006              JC      ?C0024
C51 COMPILER V9.51   UTILS                                                                 10/17/2016 10:45:11 PAGE 36  

00ED 7E00              MOV     R6,#00H
00EF 7F01              MOV     R7,#01H
00F1 8004              SJMP    ?C0025
00F3         ?C0024:
00F3 7EFF              MOV     R6,#0FFH
00F5 7FFF              MOV     R7,#0FFH
00F7         ?C0025:
00F7 EF                MOV     A,R7
00F8 6401              XRL     A,#01H
00FA 4E                ORL     A,R6
00FB 6032              JZ      ?C0027
                                           ; SOURCE LINE # 241
00FD E4                CLR     A
00FE 900000      R     MOV     DPTR,#direction
0101 F0                MOVX    @DPTR,A
                                           ; SOURCE LINE # 242
0102 900000      R     MOV     DPTR,#closure_counter+01H
0105 E0                MOVX    A,@DPTR
0106 04                INC     A
0107 F0                MOVX    @DPTR,A
0108 7006              JNZ     ?C0038
010A 900000      R     MOV     DPTR,#closure_counter
010D E0                MOVX    A,@DPTR
010E 04                INC     A
010F F0                MOVX    @DPTR,A
0110         ?C0038:
                                           ; SOURCE LINE # 243
0110 900000      R     MOV     DPTR,#closure_counter
0113 E0                MOVX    A,@DPTR
0114 FE                MOV     R6,A
0115 A3                INC     DPTR
0116 E0                MOVX    A,@DPTR
0117 FF                MOV     R7,A
0118 900000      E     MOV     DPTR,#calib+04H
011B E0                MOVX    A,@DPTR
011C B50610            CJNE    A,AR6,?C0027
011F A3                INC     DPTR
0120 E0                MOVX    A,@DPTR
0121 B5070B            CJNE    A,AR7,?C0027
                                           ; SOURCE LINE # 244
0124 E4                CLR     A
0125 900000      R     MOV     DPTR,#closure_counter
0128 F0                MOVX    @DPTR,A
0129 A3                INC     DPTR
012A F0                MOVX    @DPTR,A
                                           ; SOURCE LINE # 245
012B 900000      E     MOV     DPTR,#calib
012E F0                MOVX    @DPTR,A
                                           ; SOURCE LINE # 246
                                           ; SOURCE LINE # 247
                                           ; SOURCE LINE # 248
                                           ; SOURCE LINE # 249
012F         ?C0027:
012F 22                RET     
             ; FUNCTION calibration (END)

             ; FUNCTION _calc_turns_fcn (BEGIN)
                                           ; SOURCE LINE # 285
0000 900000      R     MOV     DPTR,#pos1
0003 120000      E     LCALL   ?C?LSTXDATA
                                           ; SOURCE LINE # 287
0006 E4                CLR     A
C51 COMPILER V9.51   UTILS                                                                 10/17/2016 10:45:11 PAGE 37  

0007 7F1C              MOV     R7,#01CH
0009 FE                MOV     R6,A
000A FD                MOV     R5,A
000B FC                MOV     R4,A
000C 900000      R     MOV     DPTR,#pos1
000F E0                MOVX    A,@DPTR
0010 F8                MOV     R0,A
0011 A3                INC     DPTR
0012 E0                MOVX    A,@DPTR
0013 F9                MOV     R1,A
0014 A3                INC     DPTR
0015 E0                MOVX    A,@DPTR
0016 FA                MOV     R2,A
0017 A3                INC     DPTR
0018 E0                MOVX    A,@DPTR
0019 FB                MOV     R3,A
001A 120000      E     LCALL   ?C?LMUL
001D C004              PUSH    AR4
001F C005              PUSH    AR5
0021 C006              PUSH    AR6
0023 C007              PUSH    AR7
0025 74FF              MOV     A,#0FFH
0027 7FE5              MOV     R7,#0E5H
0029 FE                MOV     R6,A
002A FD                MOV     R5,A
002B FC                MOV     R4,A
002C 900000      R     MOV     DPTR,#pos2
002F E0                MOVX    A,@DPTR
0030 F8                MOV     R0,A
0031 A3                INC     DPTR
0032 E0                MOVX    A,@DPTR
0033 F9                MOV     R1,A
0034 A3                INC     DPTR
0035 E0                MOVX    A,@DPTR
0036 FA                MOV     R2,A
0037 A3                INC     DPTR
0038 E0                MOVX    A,@DPTR
0039 FB                MOV     R3,A
003A 120000      E     LCALL   ?C?LMUL
003D D003              POP     AR3
003F D002              POP     AR2
0041 D001              POP     AR1
0043 D000              POP     AR0
0045 C3                CLR     C
0046 EF                MOV     A,R7
0047 9B                SUBB    A,R3
0048 FF                MOV     R7,A
0049 EE                MOV     A,R6
004A 9A                SUBB    A,R2
004B FE                MOV     R6,A
004C ED                MOV     A,R5
004D 99                SUBB    A,R1
004E FD                MOV     R5,A
004F EC                MOV     A,R4
0050 98                SUBB    A,R0
0051 FC                MOV     R4,A
0052 C004              PUSH    AR4
0054 C005              PUSH    AR5
0056 C006              PUSH    AR6
0058 C007              PUSH    AR7
005A E4                CLR     A
005B FF                MOV     R7,A
C51 COMPILER V9.51   UTILS                                                                 10/17/2016 10:45:11 PAGE 38  

005C FE                MOV     R6,A
005D 7D1B              MOV     R5,#01BH
005F FC                MOV     R4,A
0060 900000      R     MOV     DPTR,#?_my_mod?BYTE+04H
0063 120000      E     LCALL   ?C?LSTXDATA
0066 D007              POP     AR7
0068 D006              POP     AR6
006A D005              POP     AR5
006C D004              POP     AR4
006E 120000      R     LCALL   _my_mod
0071 E4                CLR     A
0072 2F                ADD     A,R7
0073 FF                MOV     R7,A
0074 EE                MOV     A,R6
0075 3480              ADDC    A,#080H
0077 FE                MOV     R6,A
0078 E4                CLR     A
0079 3D                ADDC    A,R5
007A FD                MOV     R5,A
007B E4                CLR     A
007C 3C                ADDC    A,R4
007D FC                MOV     R4,A
007E E4                CLR     A
007F FB                MOV     R3,A
0080 FA                MOV     R2,A
0081 7901              MOV     R1,#01H
0083 F8                MOV     R0,A
0084 120000      E     LCALL   ?C?ULDIV
;---- Variable 'x' assigned to Register 'R4/R5/R6/R7' ----
                                           ; SOURCE LINE # 289
0087 C004              PUSH    AR4
0089 C005              PUSH    AR5
008B C006              PUSH    AR6
008D C007              PUSH    AR7
008F E4                CLR     A
0090 7F1B              MOV     R7,#01BH
0092 FE                MOV     R6,A
0093 FD                MOV     R5,A
0094 FC                MOV     R4,A
0095 900000      R     MOV     DPTR,#?_my_mod?BYTE+04H
0098 120000      E     LCALL   ?C?LSTXDATA
009B D007              POP     AR7
009D D006              POP     AR6
009F D005              POP     AR5
00A1 D004              POP     AR4
00A3 120000      R     LCALL   _my_mod
;---- Variable 'aux' assigned to Register 'R4/R5/R6/R7' ----
                                           ; SOURCE LINE # 291
00A6 EF                MOV     A,R7
00A7 240D              ADD     A,#0DH
00A9 FF                MOV     R7,A
00AA E4                CLR     A
00AB 3E                ADDC    A,R6
00AC FE                MOV     R6,A
00AD E4                CLR     A
00AE 3D                ADDC    A,R5
00AF FD                MOV     R5,A
00B0 E4                CLR     A
00B1 3C                ADDC    A,R4
00B2 FC                MOV     R4,A
00B3 C004              PUSH    AR4
00B5 C005              PUSH    AR5
C51 COMPILER V9.51   UTILS                                                                 10/17/2016 10:45:11 PAGE 39  

00B7 C006              PUSH    AR6
00B9 C007              PUSH    AR7
00BB E4                CLR     A
00BC 7F1B              MOV     R7,#01BH
00BE FE                MOV     R6,A
00BF FD                MOV     R5,A
00C0 FC                MOV     R4,A
00C1 900000      R     MOV     DPTR,#?_my_mod?BYTE+04H
00C4 120000      E     LCALL   ?C?LSTXDATA
00C7 D007              POP     AR7
00C9 D006              POP     AR6
00CB D005              POP     AR5
00CD D004              POP     AR4
00CF 120000      R     LCALL   _my_mod
00D2 EF                MOV     A,R7
00D3 24F3              ADD     A,#0F3H
00D5 FF                MOV     R7,A
00D6 EE                MOV     A,R6
00D7 34FF              ADDC    A,#0FFH
00D9 FE                MOV     R6,A
                                           ; SOURCE LINE # 292
00DA         ?C0028:
00DA 22                RET     
             ; FUNCTION _calc_turns_fcn (END)



MODULE INFORMATION:   STATIC OVERLAYABLE
   CODE SIZE        =   2722    ----
   CONSTANT SIZE    =   ----    ----
   XDATA SIZE       =     95      68
   PDATA SIZE       =   ----    ----
   DATA SIZE        =   ----       1
   IDATA SIZE       =   ----       3
   BIT SIZE         =   ----    ----
   EDATA SIZE       =   ----    ----
   HDATA SIZE       =   ----    ----
   XDATA CONST SIZE =   ----    ----
   FAR CONST SIZE   =   ----    ----
END OF MODULE INFORMATION.


C51 COMPILATION COMPLETE.  0 WARNING(S),  0 ERROR(S)
